<?xml version="1.0" encoding="UTF-8"?>
<testsuite name="AnalyticsTest::Search" skipped="0" failures="0" errors="0" tests="2" assertions="24" time="11.130398">
  <testcase name="test_0002_tracks search results and prop of 0 (int) is sent to omniture" classname="AnalyticsTest::Search" assertions="8" time="3.789856">
  </testcase>
  <testcase name="test_0001_tracks search vars and is mapped correctly" classname="AnalyticsTest::Search" assertions="16" time="7.340542">
  </testcase>
</testsuite>
